<?xml version="1.0" encoding="UTF-8" ?>
<testsuite failures="2" time="0.971" errors="6" skipped="0" tests="10" name="com.boyuyun.base.user.TeacherBizTest">
  <properties>
[...]
</properties>
  <testcase time="0.18" classname="com.boyuyun.base.user.TeacherBizTest" name="testAdd">
    <error message="execute error" type="com.dhcc.common.db.DbutilsDataAccessException">com.dhcc.common.db.DbutilsDataAccessException: execute error
	at com.dhcc.common.db.BaseDAO.ALLATORIxDEMOxDhccHeBo(ga:532)
	at com.dhcc.common.db.BaseDAO.ALLATORIxDEMOxDhccHeBo(ga:212)
	at com.dhcc.common.db.BaseDAO.executeUpdate(ga:296)
	at com.boyuyun.base.user.dao.jdbc.UserDaoImpl.insert(UserDaoImpl.java:96)
	at com.boyuyun.base.user.biz.impl.TeacherBizImpl.add(TeacherBizImpl.java:61)
	at com.boyuyun.base.user.biz.impl.TeacherBizImpl$$FastClassBySpringCGLIB$$687d33ec.invoke(&lt;generated&gt;)
	at org.springframework.cglib.proxy.MethodProxy.invoke(MethodProxy.java:204)
	at org.springframework.aop.framework.CglibAopProxy$CglibMethodInvocation.invokeJoinpoint(CglibAopProxy.java:700)
	at org.springframework.aop.framework.ReflectiveMethodInvocation.proceed(ReflectiveMethodInvocation.java:150)
	at org.springframework.aop.aspectj.MethodInvocationProceedingJoinPoint.proceed(MethodInvocationProceedingJoinPoint.java:91)
	at com.boyuyun.common.datasync.DataSyncAspect.cut(DataSyncAspect.java:53)
	at sun.reflect.NativeMethodAccessorImpl.invoke0(Native Method)
	at sun.reflect.NativeMethodAccessorImpl.invoke(NativeMethodAccessorImpl.java:57)
	at sun.reflect.DelegatingMethodAccessorImpl.invoke(DelegatingMethodAccessorImpl.java:43)
	at java.lang.reflect.Method.invoke(Method.java:606)
	at org.springframework.aop.aspectj.AbstractAspectJAdvice.invokeAdviceMethodWithGivenArgs(AbstractAspectJAdvice.java:621)
	at org.springframework.aop.aspectj.AbstractAspectJAdvice.invokeAdviceMethod(AbstractAspectJAdvice.java:610)
	at org.springframework.aop.aspectj.AspectJAroundAdvice.invoke(AspectJAroundAdvice.java:65)
	at org.springframework.aop.framework.ReflectiveMethodInvocation.proceed(ReflectiveMethodInvocation.java:161)
	at org.springframework.transaction.interceptor.TransactionInterceptor$1.proceedWithInvocation(TransactionInterceptor.java:96)
	at org.springframework.transaction.interceptor.TransactionAspectSupport.invokeWithinTransaction(TransactionAspectSupport.java:260)
	at org.springframework.transaction.interceptor.TransactionInterceptor.invoke(TransactionInterceptor.java:94)
	at org.springframework.aop.framework.ReflectiveMethodInvocation.proceed(ReflectiveMethodInvocation.java:172)
	at org.springframework.transaction.interceptor.TransactionInterceptor$1.proceedWithInvocation(TransactionInterceptor.java:96)
	at org.springframework.transaction.interceptor.TransactionAspectSupport.invokeWithinTransaction(TransactionAspectSupport.java:260)
	at org.springframework.transaction.interceptor.TransactionInterceptor.invoke(TransactionInterceptor.java:94)
	at org.springframework.aop.framework.ReflectiveMethodInvocation.proceed(ReflectiveMethodInvocation.java:172)
	at org.springframework.aop.interceptor.ExposeInvocationInterceptor.invoke(ExposeInvocationInterceptor.java:91)
	at org.springframework.aop.framework.ReflectiveMethodInvocation.proceed(ReflectiveMethodInvocation.java:172)
	at org.springframework.aop.framework.CglibAopProxy$DynamicAdvisedInterceptor.intercept(CglibAopProxy.java:633)
	at com.boyuyun.base.user.biz.impl.TeacherBizImpl$$EnhancerBySpringCGLIB$$8b89b71e.add(&lt;generated&gt;)
	at com.boyuyun.base.user.TeacherBizTest.testAdd(TeacherBizTest.java:43)
</error>
    <system-err>java.sql.SQLException: Duplicate entry &apos;abcd&apos; for key &apos;PRIMARY&apos; Query:  insert into USER_BASE (ID, AVATAR, EMAIL, MOBILE, NICKNAME, PWD, SEX, ENABLE, USERNAME, USERTYPE, VALIDATEEMAIL, VALIDATEMOBILE, BIRTHDAY, REALNAME, LOGINNAME,pinyin,jianpin,nation,certificateNo)values(?,?,?,?,?,?,?,?,?,?,?,?,?,?,?,?,?,?,?)  Parameters: [abcd, null, null, null, null, abcd, 0, true, abcd, 0, false, false, null, abcd, null, null, null, 0, null]
	at org.apache.commons.dbutils.AbstractQueryRunner.rethrow(AbstractQueryRunner.java:392)
	at org.apache.commons.dbutils.QueryRunner.update(QueryRunner.java:695)
	at org.apache.commons.dbutils.QueryRunner.update(QueryRunner.java:608)
	at com.dhcc.common.db.i.ALLATORIxDEMOxDhccHeBo(ga:267)
	at com.dhcc.common.db.i.execute(ga:125)
	at com.dhcc.common.db.BaseDAO.ALLATORIxDEMOxDhccHeBo(ga:611)
	at com.dhcc.common.db.BaseDAO.ALLATORIxDEMOxDhccHeBo(ga:212)
	at com.dhcc.common.db.BaseDAO.executeUpdate(ga:296)
	at com.boyuyun.base.user.dao.jdbc.UserDaoImpl.insert(UserDaoImpl.java:96)
	at com.boyuyun.base.user.biz.impl.TeacherBizImpl.add(TeacherBizImpl.java:61)
	at com.boyuyun.base.user.biz.impl.TeacherBizImpl$$FastClassBySpringCGLIB$$687d33ec.invoke(&lt;generated&gt;)
	at org.springframework.cglib.proxy.MethodProxy.invoke(MethodProxy.java:204)
	at org.springframework.aop.framework.CglibAopProxy$CglibMethodInvocation.invokeJoinpoint(CglibAopProxy.java:700)
	at org.springframework.aop.framework.ReflectiveMethodInvocation.proceed(ReflectiveMethodInvocation.java:150)
	at org.springframework.aop.aspectj.MethodInvocationProceedingJoinPoint.proceed(MethodInvocationProceedingJoinPoint.java:91)
	at com.boyuyun.common.datasync.DataSyncAspect.cut(DataSyncAspect.java:53)
	at sun.reflect.NativeMethodAccessorImpl.invoke0(Native Method)
	at sun.reflect.NativeMethodAccessorImpl.invoke(NativeMethodAccessorImpl.java:57)
	at sun.reflect.DelegatingMethodAccessorImpl.invoke(DelegatingMethodAccessorImpl.java:43)
	at java.lang.reflect.Method.invoke(Method.java:606)
	at org.springframework.aop.aspectj.AbstractAspectJAdvice.invokeAdviceMethodWithGivenArgs(AbstractAspectJAdvice.java:621)
	at org.springframework.aop.aspectj.AbstractAspectJAdvice.invokeAdviceMethod(AbstractAspectJAdvice.java:610)
	at org.springframework.aop.aspectj.AspectJAroundAdvice.invoke(AspectJAroundAdvice.java:65)
	at org.springframework.aop.framework.ReflectiveMethodInvocation.proceed(ReflectiveMethodInvocation.java:161)
	at org.springframework.transaction.interceptor.TransactionInterceptor$1.proceedWithInvocation(TransactionInterceptor.java:96)
	at org.springframework.transaction.interceptor.TransactionAspectSupport.invokeWithinTransaction(TransactionAspectSupport.java:260)
	at org.springframework.transaction.interceptor.TransactionInterceptor.invoke(TransactionInterceptor.java:94)
	at org.springframework.aop.framework.ReflectiveMethodInvocation.proceed(ReflectiveMethodInvocation.java:172)
	at org.springframework.transaction.interceptor.TransactionInterceptor$1.proceedWithInvocation(TransactionInterceptor.java:96)
	at org.springframework.transaction.interceptor.TransactionAspectSupport.invokeWithinTransaction(TransactionAspectSupport.java:260)
	at org.springframework.transaction.interceptor.TransactionInterceptor.invoke(TransactionInterceptor.java:94)
	at org.springframework.aop.framework.ReflectiveMethodInvocation.proceed(ReflectiveMethodInvocation.java:172)
	at org.springframework.aop.interceptor.ExposeInvocationInterceptor.invoke(ExposeInvocationInterceptor.java:91)
	at org.springframework.aop.framework.ReflectiveMethodInvocation.proceed(ReflectiveMethodInvocation.java:172)
	at org.springframework.aop.framework.CglibAopProxy$DynamicAdvisedInterceptor.intercept(CglibAopProxy.java:633)
	at com.boyuyun.base.user.biz.impl.TeacherBizImpl$$EnhancerBySpringCGLIB$$8b89b71e.add(&lt;generated&gt;)
	at com.boyuyun.base.user.TeacherBizTest.testAdd(TeacherBizTest.java:43)
	at sun.reflect.NativeMethodAccessorImpl.invoke0(Native Method)
	at sun.reflect.NativeMethodAccessorImpl.invoke(NativeMethodAccessorImpl.java:57)
	at sun.reflect.DelegatingMethodAccessorImpl.invoke(DelegatingMethodAccessorImpl.java:43)
	at java.lang.reflect.Method.invoke(Method.java:606)
	at org.junit.runners.model.FrameworkMethod$1.runReflectiveCall(FrameworkMethod.java:50)
	at org.junit.internal.runners.model.ReflectiveCallable.run(ReflectiveCallable.java:12)
	at org.junit.runners.model.FrameworkMethod.invokeExplosively(FrameworkMethod.java:47)
	at org.junit.internal.runners.statements.InvokeMethod.evaluate(InvokeMethod.java:17)
	at org.springframework.test.context.junit4.statements.RunBeforeTestMethodCallbacks.evaluate(RunBeforeTestMethodCallbacks.java:74)
	at org.springframework.test.context.junit4.statements.RunAfterTestMethodCallbacks.evaluate(RunAfterTestMethodCallbacks.java:83)
	at org.springframework.test.context.junit4.statements.SpringRepeat.evaluate(SpringRepeat.java:72)
	at org.springframework.test.context.junit4.SpringJUnit4ClassRunner.runChild(SpringJUnit4ClassRunner.java:231)
	at org.springframework.test.context.junit4.SpringJUnit4ClassRunner.runChild(SpringJUnit4ClassRunner.java:88)
	at org.junit.runners.ParentRunner$3.run(ParentRunner.java:290)
	at org.junit.runners.ParentRunner$1.schedule(ParentRunner.java:71)
	at org.junit.runners.ParentRunner.runChildren(ParentRunner.java:288)
	at org.junit.runners.ParentRunner.access$000(ParentRunner.java:58)
	at org.junit.runners.ParentRunner$2.evaluate(ParentRunner.java:268)
	at org.springframework.test.context.junit4.statements.RunBeforeTestClassCallbacks.evaluate(RunBeforeTestClassCallbacks.java:61)
	at org.springframework.test.context.junit4.statements.RunAfterTestClassCallbacks.evaluate(RunAfterTestClassCallbacks.java:71)
	at org.junit.runners.ParentRunner.run(ParentRunner.java:363)
	at org.springframework.test.context.junit4.SpringJUnit4ClassRunner.run(SpringJUnit4ClassRunner.java:174)
	at org.apache.maven.surefire.junit4.JUnit4Provider.execute(JUnit4Provider.java:264)
	at org.apache.maven.surefire.junit4.JUnit4Provider.executeTestSet(JUnit4Provider.java:153)
	at org.apache.maven.surefire.junit4.JUnit4Provider.invoke(JUnit4Provider.java:124)
	at sun.reflect.NativeMethodAccessorImpl.invoke0(Native Method)
	at sun.reflect.NativeMethodAccessorImpl.invoke(NativeMethodAccessorImpl.java:57)
	at sun.reflect.DelegatingMethodAccessorImpl.invoke(DelegatingMethodAccessorImpl.java:43)
	at java.lang.reflect.Method.invoke(Method.java:606)
	at org.apache.maven.surefire.util.ReflectionUtils.invokeMethodWithArray2(ReflectionUtils.java:208)
	at org.apache.maven.surefire.booter.ProviderFactory$ProviderProxy.invoke(ProviderFactory.java:158)
	at org.apache.maven.surefire.booter.ProviderFactory.invokeProvider(ProviderFactory.java:86)
	at org.apache.maven.surefire.booter.ForkedBooter.runSuitesInProcess(ForkedBooter.java:153)
	at org.apache.maven.surefire.booter.ForkedBooter.main(ForkedBooter.java:95)
</system-err>
  </testcase>
  <testcase time="0" classname="com.boyuyun.base.user.TeacherBizTest" name="testB_GetListNonePaged">
    <error message="Unresolved compilation problem: 
	&apos;&lt;&gt;&apos; operator is not allowed for source level below 1.7
" type="java.lang.Error">java.lang.Error: Unresolved compilation problem: 
	&apos;&lt;&gt;&apos; operator is not allowed for source level below 1.7

	at com.boyuyun.base.user.TeacherBizTest.testB_GetListNonePaged(TeacherBizTest.java:88)
</error>
  </testcase>
  <testcase time="0.001" classname="com.boyuyun.base.user.TeacherBizTest" name="testC_GetListPaged">
    <error message="Unresolved compilation problem: 
	&apos;&lt;&gt;&apos; operator is not allowed for source level below 1.7
" type="java.lang.Error">java.lang.Error: Unresolved compilation problem: 
	&apos;&lt;&gt;&apos; operator is not allowed for source level below 1.7

	at com.boyuyun.base.user.TeacherBizTest.testC_GetListPaged(TeacherBizTest.java:102)
</error>
  </testcase>
  <testcase time="0.033" classname="com.boyuyun.base.user.TeacherBizTest" name="testD_GetListPagedCount"/>
  <testcase time="0.037" classname="com.boyuyun.base.user.TeacherBizTest" name="testE_Get">
    <failure type="java.lang.AssertionError:">java.lang.AssertionError: null
	at org.junit.Assert.fail(Assert.java:86)
	at org.junit.Assert.assertTrue(Assert.java:41)
	at org.junit.Assert.assertTrue(Assert.java:52)
	at com.boyuyun.base.user.TeacherBizTest.testE_Get(TeacherBizTest.java:135)
</failure>
  </testcase>
  <testcase time="0.001" classname="com.boyuyun.base.user.TeacherBizTest" name="testF_GetTeacherList">
    <error message="Unresolved compilation problem: 
	&apos;&lt;&gt;&apos; operator is not allowed for source level below 1.7
" type="java.lang.Error">java.lang.Error: Unresolved compilation problem: 
	&apos;&lt;&gt;&apos; operator is not allowed for source level below 1.7

	at com.boyuyun.base.user.TeacherBizTest.testF_GetTeacherList(TeacherBizTest.java:142)
</error>
  </testcase>
  <testcase time="0.033" classname="com.boyuyun.base.user.TeacherBizTest" name="testGetTeacherNoCount">
    <failure type="java.lang.AssertionError:">java.lang.AssertionError: null
	at org.junit.Assert.fail(Assert.java:86)
	at org.junit.Assert.assertTrue(Assert.java:41)
	at org.junit.Assert.assertTrue(Assert.java:52)
	at com.boyuyun.base.user.TeacherBizTest.testGetTeacherNoCount(TeacherBizTest.java:161)
</failure>
  </testcase>
  <testcase time="0.035" classname="com.boyuyun.base.user.TeacherBizTest" name="testXUpdate">
    <error type="java.lang.NullPointerException:">java.lang.NullPointerException: null
	at com.boyuyun.base.user.TeacherBizTest.testXUpdate(TeacherBizTest.java:57)
</error>
  </testcase>
  <testcase time="0.517" classname="com.boyuyun.base.user.TeacherBizTest" name="testYAddAndUpdate"/>
  <testcase time="0.134" classname="com.boyuyun.base.user.TeacherBizTest" name="testZDelete">
    <error type="java.lang.NullPointerException:">java.lang.NullPointerException: null
	at com.boyuyun.base.user.dao.jdbc.UserDaoImpl.delete(UserDaoImpl.java:103)
	at com.boyuyun.base.user.biz.impl.TeacherBizImpl.delete(TeacherBizImpl.java:88)
	at com.boyuyun.base.user.biz.impl.TeacherBizImpl$$FastClassBySpringCGLIB$$687d33ec.invoke(&lt;generated&gt;)
	at org.springframework.cglib.proxy.MethodProxy.invoke(MethodProxy.java:204)
	at org.springframework.aop.framework.CglibAopProxy$CglibMethodInvocation.invokeJoinpoint(CglibAopProxy.java:700)
	at org.springframework.aop.framework.ReflectiveMethodInvocation.proceed(ReflectiveMethodInvocation.java:150)
	at org.springframework.aop.aspectj.MethodInvocationProceedingJoinPoint.proceed(MethodInvocationProceedingJoinPoint.java:91)
	at com.boyuyun.common.datasync.DataSyncAspect.cut(DataSyncAspect.java:53)
	at sun.reflect.NativeMethodAccessorImpl.invoke0(Native Method)
	at sun.reflect.NativeMethodAccessorImpl.invoke(NativeMethodAccessorImpl.java:57)
	at sun.reflect.DelegatingMethodAccessorImpl.invoke(DelegatingMethodAccessorImpl.java:43)
	at java.lang.reflect.Method.invoke(Method.java:606)
	at org.springframework.aop.aspectj.AbstractAspectJAdvice.invokeAdviceMethodWithGivenArgs(AbstractAspectJAdvice.java:621)
	at org.springframework.aop.aspectj.AbstractAspectJAdvice.invokeAdviceMethod(AbstractAspectJAdvice.java:610)
	at org.springframework.aop.aspectj.AspectJAroundAdvice.invoke(AspectJAroundAdvice.java:65)
	at org.springframework.aop.framework.ReflectiveMethodInvocation.proceed(ReflectiveMethodInvocation.java:161)
	at org.springframework.transaction.interceptor.TransactionInterceptor$1.proceedWithInvocation(TransactionInterceptor.java:96)
	at org.springframework.transaction.interceptor.TransactionAspectSupport.invokeWithinTransaction(TransactionAspectSupport.java:260)
	at org.springframework.transaction.interceptor.TransactionInterceptor.invoke(TransactionInterceptor.java:94)
	at org.springframework.aop.framework.ReflectiveMethodInvocation.proceed(ReflectiveMethodInvocation.java:172)
	at org.springframework.aop.interceptor.ExposeInvocationInterceptor.invoke(ExposeInvocationInterceptor.java:91)
	at org.springframework.aop.framework.ReflectiveMethodInvocation.proceed(ReflectiveMethodInvocation.java:172)
	at org.springframework.aop.framework.CglibAopProxy$DynamicAdvisedInterceptor.intercept(CglibAopProxy.java:633)
	at com.boyuyun.base.user.biz.impl.TeacherBizImpl$$EnhancerBySpringCGLIB$$8b89b71e.delete(&lt;generated&gt;)
	at com.boyuyun.base.user.TeacherBizTest.testZDelete(TeacherBizTest.java:73)
</error>
  </testcase>
</testsuite>