<?xml version="1.0" encoding="UTF-8" ?>
<testsuite failures="0" time="1.144" errors="0" skipped="0" tests="6" name="com.boyuyun.base.sys.MenuBizTest">
  <properties>
[...]
</properties>
  <testcase time="0.359" classname="com.boyuyun.base.sys.MenuBizTest" name="testAdd"/>
  <testcase time="0.036" classname="com.boyuyun.base.sys.MenuBizTest" name="testB_Get"/>
  <testcase time="0.038" classname="com.boyuyun.base.sys.MenuBizTest" name="testC_GetTopMenuListWithChild"/>
  <testcase time="0.035" classname="com.boyuyun.base.sys.MenuBizTest" name="testD_GetMenuListByParentId"/>
  <testcase time="0.48" classname="com.boyuyun.base.sys.MenuBizTest" name="testE_Update"/>
  <testcase time="0.196" classname="com.boyuyun.base.sys.MenuBizTest" name="testF_Delete"/>
</testsuite>