<?xml version="1.0" encoding="UTF-8" ?>
<testsuite failures="2" time="1.494" errors="2" skipped="0" tests="11" name="com.boyuyun.base.user.UserBizTest">
  <properties>
[...]
</properties>
  <testcase time="0.153" classname="com.boyuyun.base.user.UserBizTest" name="testAdd">
    <failure type="java.lang.AssertionError:">java.lang.AssertionError: null
	at org.junit.Assert.fail(Assert.java:86)
	at org.junit.Assert.assertTrue(Assert.java:41)
	at org.junit.Assert.assertTrue(Assert.java:52)
	at com.boyuyun.base.user.UserBizTest.testAdd(UserBizTest.java:101)
</failure>
    <system-out>2017-04-26 13:45:46,095 [main] ERROR com.boyuyun.base.user.UserBizTest - com.dhcc.common.db.DbutilsDataAccessException: execute error
</system-out>
    <system-err>java.sql.SQLException: Duplicate entry &apos;abcd&apos; for key &apos;PRIMARY&apos; Query:  insert into USER_BASE (ID, AVATAR, EMAIL, MOBILE, NICKNAME, PWD, SEX, ENABLE, USERNAME, USERTYPE, VALIDATEEMAIL, VALIDATEMOBILE, BIRTHDAY, REALNAME, LOGINNAME,pinyin,jianpin,nation,certificateNo)values(?,?,?,?,?,?,?,?,?,?,?,?,?,?,?,?,?,?,?)  Parameters: [abcd, null, null, null, null, abcd, 0, true, abcd, 0, false, false, null, abcd, null, null, null, 0, null]
	at org.apache.commons.dbutils.AbstractQueryRunner.rethrow(AbstractQueryRunner.java:392)
	at org.apache.commons.dbutils.QueryRunner.update(QueryRunner.java:695)
	at org.apache.commons.dbutils.QueryRunner.update(QueryRunner.java:608)
	at com.dhcc.common.db.i.ALLATORIxDEMOxDhccHeBo(ga:267)
	at com.dhcc.common.db.i.execute(ga:125)
	at com.dhcc.common.db.BaseDAO.ALLATORIxDEMOxDhccHeBo(ga:611)
	at com.dhcc.common.db.BaseDAO.ALLATORIxDEMOxDhccHeBo(ga:212)
	at com.dhcc.common.db.BaseDAO.executeUpdate(ga:296)
	at com.boyuyun.base.user.dao.jdbc.UserDaoImpl.insert(UserDaoImpl.java:96)
	at com.boyuyun.base.user.biz.impl.UserBizImpl.add(UserBizImpl.java:60)
	at com.boyuyun.base.user.biz.impl.UserBizImpl$$FastClassBySpringCGLIB$$a4a5310d.invoke(&lt;generated&gt;)
	at org.springframework.cglib.proxy.MethodProxy.invoke(MethodProxy.java:204)
	at org.springframework.aop.framework.CglibAopProxy$CglibMethodInvocation.invokeJoinpoint(CglibAopProxy.java:700)
	at org.springframework.aop.framework.ReflectiveMethodInvocation.proceed(ReflectiveMethodInvocation.java:150)
	at org.springframework.transaction.interceptor.TransactionInterceptor$1.proceedWithInvocation(TransactionInterceptor.java:96)
	at org.springframework.transaction.interceptor.TransactionAspectSupport.invokeWithinTransaction(TransactionAspectSupport.java:260)
	at org.springframework.transaction.interceptor.TransactionInterceptor.invoke(TransactionInterceptor.java:94)
	at org.springframework.aop.framework.ReflectiveMethodInvocation.proceed(ReflectiveMethodInvocation.java:172)
	at org.springframework.transaction.interceptor.TransactionInterceptor$1.proceedWithInvocation(TransactionInterceptor.java:96)
	at org.springframework.transaction.interceptor.TransactionAspectSupport.invokeWithinTransaction(TransactionAspectSupport.java:260)
	at org.springframework.transaction.interceptor.TransactionInterceptor.invoke(TransactionInterceptor.java:94)
	at org.springframework.aop.framework.ReflectiveMethodInvocation.proceed(ReflectiveMethodInvocation.java:172)
	at org.springframework.aop.interceptor.ExposeInvocationInterceptor.invoke(ExposeInvocationInterceptor.java:91)
	at org.springframework.aop.framework.ReflectiveMethodInvocation.proceed(ReflectiveMethodInvocation.java:172)
	at org.springframework.aop.framework.CglibAopProxy$DynamicAdvisedInterceptor.intercept(CglibAopProxy.java:633)
	at com.boyuyun.base.user.biz.impl.UserBizImpl$$EnhancerBySpringCGLIB$$498055f.add(&lt;generated&gt;)
	at com.boyuyun.base.user.UserBizTest.testAdd(UserBizTest.java:95)
	at sun.reflect.NativeMethodAccessorImpl.invoke0(Native Method)
	at sun.reflect.NativeMethodAccessorImpl.invoke(NativeMethodAccessorImpl.java:57)
	at sun.reflect.DelegatingMethodAccessorImpl.invoke(DelegatingMethodAccessorImpl.java:43)
	at java.lang.reflect.Method.invoke(Method.java:606)
	at org.junit.runners.model.FrameworkMethod$1.runReflectiveCall(FrameworkMethod.java:50)
	at org.junit.internal.runners.model.ReflectiveCallable.run(ReflectiveCallable.java:12)
	at org.junit.runners.model.FrameworkMethod.invokeExplosively(FrameworkMethod.java:47)
	at org.junit.internal.runners.statements.InvokeMethod.evaluate(InvokeMethod.java:17)
	at org.springframework.test.context.junit4.statements.RunBeforeTestMethodCallbacks.evaluate(RunBeforeTestMethodCallbacks.java:74)
	at org.springframework.test.context.junit4.statements.RunAfterTestMethodCallbacks.evaluate(RunAfterTestMethodCallbacks.java:83)
	at org.springframework.test.context.junit4.statements.SpringRepeat.evaluate(SpringRepeat.java:72)
	at org.springframework.test.context.junit4.SpringJUnit4ClassRunner.runChild(SpringJUnit4ClassRunner.java:231)
	at org.springframework.test.context.junit4.SpringJUnit4ClassRunner.runChild(SpringJUnit4ClassRunner.java:88)
	at org.junit.runners.ParentRunner$3.run(ParentRunner.java:290)
	at org.junit.runners.ParentRunner$1.schedule(ParentRunner.java:71)
	at org.junit.runners.ParentRunner.runChildren(ParentRunner.java:288)
	at org.junit.runners.ParentRunner.access$000(ParentRunner.java:58)
	at org.junit.runners.ParentRunner$2.evaluate(ParentRunner.java:268)
	at org.springframework.test.context.junit4.statements.RunBeforeTestClassCallbacks.evaluate(RunBeforeTestClassCallbacks.java:61)
	at org.springframework.test.context.junit4.statements.RunAfterTestClassCallbacks.evaluate(RunAfterTestClassCallbacks.java:71)
	at org.junit.runners.ParentRunner.run(ParentRunner.java:363)
	at org.springframework.test.context.junit4.SpringJUnit4ClassRunner.run(SpringJUnit4ClassRunner.java:174)
	at org.apache.maven.surefire.junit4.JUnit4Provider.execute(JUnit4Provider.java:264)
	at org.apache.maven.surefire.junit4.JUnit4Provider.executeTestSet(JUnit4Provider.java:153)
	at org.apache.maven.surefire.junit4.JUnit4Provider.invoke(JUnit4Provider.java:124)
	at sun.reflect.NativeMethodAccessorImpl.invoke0(Native Method)
	at sun.reflect.NativeMethodAccessorImpl.invoke(NativeMethodAccessorImpl.java:57)
	at sun.reflect.DelegatingMethodAccessorImpl.invoke(DelegatingMethodAccessorImpl.java:43)
	at java.lang.reflect.Method.invoke(Method.java:606)
	at org.apache.maven.surefire.util.ReflectionUtils.invokeMethodWithArray2(ReflectionUtils.java:208)
	at org.apache.maven.surefire.booter.ProviderFactory$ProviderProxy.invoke(ProviderFactory.java:158)
	at org.apache.maven.surefire.booter.ProviderFactory.invokeProvider(ProviderFactory.java:86)
	at org.apache.maven.surefire.booter.ForkedBooter.runSuitesInProcess(ForkedBooter.java:153)
	at org.apache.maven.surefire.booter.ForkedBooter.main(ForkedBooter.java:95)
com.dhcc.common.db.DbutilsDataAccessException: execute error
	at com.dhcc.common.db.BaseDAO.ALLATORIxDEMOxDhccHeBo(ga:532)
	at com.dhcc.common.db.BaseDAO.ALLATORIxDEMOxDhccHeBo(ga:212)
	at com.dhcc.common.db.BaseDAO.executeUpdate(ga:296)
	at com.boyuyun.base.user.dao.jdbc.UserDaoImpl.insert(UserDaoImpl.java:96)
	at com.boyuyun.base.user.biz.impl.UserBizImpl.add(UserBizImpl.java:60)
	at com.boyuyun.base.user.biz.impl.UserBizImpl$$FastClassBySpringCGLIB$$a4a5310d.invoke(&lt;generated&gt;)
	at org.springframework.cglib.proxy.MethodProxy.invoke(MethodProxy.java:204)
	at org.springframework.aop.framework.CglibAopProxy$CglibMethodInvocation.invokeJoinpoint(CglibAopProxy.java:700)
	at org.springframework.aop.framework.ReflectiveMethodInvocation.proceed(ReflectiveMethodInvocation.java:150)
	at org.springframework.transaction.interceptor.TransactionInterceptor$1.proceedWithInvocation(TransactionInterceptor.java:96)
	at org.springframework.transaction.interceptor.TransactionAspectSupport.invokeWithinTransaction(TransactionAspectSupport.java:260)
	at org.springframework.transaction.interceptor.TransactionInterceptor.invoke(TransactionInterceptor.java:94)
	at org.springframework.aop.framework.ReflectiveMethodInvocation.proceed(ReflectiveMethodInvocation.java:172)
	at org.springframework.transaction.interceptor.TransactionInterceptor$1.proceedWithInvocation(TransactionInterceptor.java:96)
	at org.springframework.transaction.interceptor.TransactionAspectSupport.invokeWithinTransaction(TransactionAspectSupport.java:260)
	at org.springframework.transaction.interceptor.TransactionInterceptor.invoke(TransactionInterceptor.java:94)
	at org.springframework.aop.framework.ReflectiveMethodInvocation.proceed(ReflectiveMethodInvocation.java:172)
	at org.springframework.aop.interceptor.ExposeInvocationInterceptor.invoke(ExposeInvocationInterceptor.java:91)
	at org.springframework.aop.framework.ReflectiveMethodInvocation.proceed(ReflectiveMethodInvocation.java:172)
	at org.springframework.aop.framework.CglibAopProxy$DynamicAdvisedInterceptor.intercept(CglibAopProxy.java:633)
	at com.boyuyun.base.user.biz.impl.UserBizImpl$$EnhancerBySpringCGLIB$$498055f.add(&lt;generated&gt;)
	at com.boyuyun.base.user.UserBizTest.testAdd(UserBizTest.java:95)
	at sun.reflect.NativeMethodAccessorImpl.invoke0(Native Method)
	at sun.reflect.NativeMethodAccessorImpl.invoke(NativeMethodAccessorImpl.java:57)
	at sun.reflect.DelegatingMethodAccessorImpl.invoke(DelegatingMethodAccessorImpl.java:43)
	at java.lang.reflect.Method.invoke(Method.java:606)
	at org.junit.runners.model.FrameworkMethod$1.runReflectiveCall(FrameworkMethod.java:50)
	at org.junit.internal.runners.model.ReflectiveCallable.run(ReflectiveCallable.java:12)
	at org.junit.runners.model.FrameworkMethod.invokeExplosively(FrameworkMethod.java:47)
	at org.junit.internal.runners.statements.InvokeMethod.evaluate(InvokeMethod.java:17)
	at org.springframework.test.context.junit4.statements.RunBeforeTestMethodCallbacks.evaluate(RunBeforeTestMethodCallbacks.java:74)
	at org.springframework.test.context.junit4.statements.RunAfterTestMethodCallbacks.evaluate(RunAfterTestMethodCallbacks.java:83)
	at org.springframework.test.context.junit4.statements.SpringRepeat.evaluate(SpringRepeat.java:72)
	at org.springframework.test.context.junit4.SpringJUnit4ClassRunner.runChild(SpringJUnit4ClassRunner.java:231)
	at org.springframework.test.context.junit4.SpringJUnit4ClassRunner.runChild(SpringJUnit4ClassRunner.java:88)
	at org.junit.runners.ParentRunner$3.run(ParentRunner.java:290)
	at org.junit.runners.ParentRunner$1.schedule(ParentRunner.java:71)
	at org.junit.runners.ParentRunner.runChildren(ParentRunner.java:288)
	at org.junit.runners.ParentRunner.access$000(ParentRunner.java:58)
	at org.junit.runners.ParentRunner$2.evaluate(ParentRunner.java:268)
	at org.springframework.test.context.junit4.statements.RunBeforeTestClassCallbacks.evaluate(RunBeforeTestClassCallbacks.java:61)
	at org.springframework.test.context.junit4.statements.RunAfterTestClassCallbacks.evaluate(RunAfterTestClassCallbacks.java:71)
	at org.junit.runners.ParentRunner.run(ParentRunner.java:363)
	at org.springframework.test.context.junit4.SpringJUnit4ClassRunner.run(SpringJUnit4ClassRunner.java:174)
	at org.apache.maven.surefire.junit4.JUnit4Provider.execute(JUnit4Provider.java:264)
	at org.apache.maven.surefire.junit4.JUnit4Provider.executeTestSet(JUnit4Provider.java:153)
	at org.apache.maven.surefire.junit4.JUnit4Provider.invoke(JUnit4Provider.java:124)
	at sun.reflect.NativeMethodAccessorImpl.invoke0(Native Method)
	at sun.reflect.NativeMethodAccessorImpl.invoke(NativeMethodAccessorImpl.java:57)
	at sun.reflect.DelegatingMethodAccessorImpl.invoke(DelegatingMethodAccessorImpl.java:43)
	at java.lang.reflect.Method.invoke(Method.java:606)
	at org.apache.maven.surefire.util.ReflectionUtils.invokeMethodWithArray2(ReflectionUtils.java:208)
	at org.apache.maven.surefire.booter.ProviderFactory$ProviderProxy.invoke(ProviderFactory.java:158)
	at org.apache.maven.surefire.booter.ProviderFactory.invokeProvider(ProviderFactory.java:86)
	at org.apache.maven.surefire.booter.ForkedBooter.runSuitesInProcess(ForkedBooter.java:153)
	at org.apache.maven.surefire.booter.ForkedBooter.main(ForkedBooter.java:95)
</system-err>
  </testcase>
  <testcase time="0.023" classname="com.boyuyun.base.user.UserBizTest" name="testB_Get">
    <error type="java.lang.NullPointerException:">java.lang.NullPointerException: null
	at com.boyuyun.base.user.UserBizTest.testB_Get(UserBizTest.java:66)
</error>
  </testcase>
  <testcase time="0.037" classname="com.boyuyun.base.user.UserBizTest" name="testC_SelectByUserName">
    <error type="java.lang.NullPointerException:">java.lang.NullPointerException: null
	at com.boyuyun.base.user.UserBizTest.testC_SelectByUserName(UserBizTest.java:35)
</error>
  </testcase>
  <testcase time="0.244" classname="com.boyuyun.base.user.UserBizTest" name="testD_ResetPassword"/>
  <testcase time="0.244" classname="com.boyuyun.base.user.UserBizTest" name="testE_Update"/>
  <testcase time="0.034" classname="com.boyuyun.base.user.UserBizTest" name="testF_GetMobileCount"/>
  <testcase time="0.036" classname="com.boyuyun.base.user.UserBizTest" name="testGetListPagedAdmin"/>
  <testcase time="0.033" classname="com.boyuyun.base.user.UserBizTest" name="testH_GetListPagedCountAdmin"/>
  <testcase time="0.215" classname="com.boyuyun.base.user.UserBizTest" name="testI_UpdatePassword"/>
  <testcase time="0.227" classname="com.boyuyun.base.user.UserBizTest" name="testJ_ValidateUserName">
    <failure type="java.lang.AssertionError:">java.lang.AssertionError: null
	at org.junit.Assert.fail(Assert.java:86)
	at org.junit.Assert.assertTrue(Assert.java:41)
	at org.junit.Assert.assertTrue(Assert.java:52)
	at com.boyuyun.base.user.UserBizTest.testJ_ValidateUserName(UserBizTest.java:188)
</failure>
  </testcase>
  <testcase time="0.248" classname="com.boyuyun.base.user.UserBizTest" name="testK_Delete"/>
</testsuite>